Aug-18 16:50:10.127 [main] DEBUG nextflow.cli.Launcher - $> nextflow run --with-docker nf-cage/base .
Aug-18 16:50:10.219 [main] INFO  nextflow.cli.CmdRun - N E X T F L O W  ~  version 21.04.3
Aug-18 16:50:10.290 [main] INFO  nextflow.cli.CmdRun - Launching `./main.nf` [jovial_mandelbrot] - revision: d24cb4a5de
Aug-18 16:50:10.306 [main] DEBUG nextflow.config.ConfigBuilder - Found config local: /home/mazdax/nf-cage/workflow/nextflow.config
Aug-18 16:50:10.308 [main] DEBUG nextflow.config.ConfigBuilder - Parsing config file: /home/mazdax/nf-cage/workflow/nextflow.config
Aug-18 16:50:10.328 [main] DEBUG nextflow.config.ConfigBuilder - Applying config profile: `standard`
Aug-18 16:50:10.772 [main] DEBUG nextflow.plugin.PluginsFacade - Setting up plugin manager > mode=prod; plugins-dir=/home/mazdax/.nextflow/plugins
Aug-18 16:50:10.773 [main] DEBUG nextflow.plugin.PluginsFacade - Plugins default=[]
Aug-18 16:50:10.776 [main] DEBUG nextflow.plugin.PluginsFacade - Plugins local root: .nextflow/plr/empty
Aug-18 16:50:10.785 [main] INFO  org.pf4j.DefaultPluginStatusProvider - Enabled plugins: []
Aug-18 16:50:10.787 [main] INFO  org.pf4j.DefaultPluginStatusProvider - Disabled plugins: []
Aug-18 16:50:10.793 [main] INFO  org.pf4j.DefaultPluginManager - PF4J version 3.4.1 in 'deployment' mode
Aug-18 16:50:10.806 [main] INFO  org.pf4j.AbstractPluginManager - No plugins
Aug-18 16:50:10.866 [main] DEBUG nextflow.Session - Session uuid: ca68ea74-8643-42ce-8399-89fca4b8d931
Aug-18 16:50:10.866 [main] DEBUG nextflow.Session - Run name: jovial_mandelbrot
Aug-18 16:50:10.867 [main] DEBUG nextflow.Session - Executor pool size: 8
Aug-18 16:50:10.907 [main] DEBUG nextflow.cli.CmdRun - 
  Version: 21.04.3 build 5560
  Created: 21-07-2021 15:09 UTC (16:09 BST)
  System: Linux 5.10.43.3-microsoft-standard-WSL2
  Runtime: Groovy 3.0.7 on OpenJDK 64-Bit Server VM 11.0.9.1-internal+0-adhoc..src
  Encoding: UTF-8 (UTF-8)
  Process: 11909@MVM-EB-D18018 [127.0.1.1]
  CPUs: 8 - Mem: 29.4 GB (23.3 GB) - Swap: 30 GB (30 GB)
Aug-18 16:50:10.931 [main] DEBUG nextflow.Session - Work-dir: /home/mazdax/nf-cage/workflow/work [ext2/ext3]
Aug-18 16:50:10.931 [main] DEBUG nextflow.Session - Script base path does not exist or is not a directory: /home/mazdax/nf-cage/workflow/bin
Aug-18 16:50:10.946 [main] DEBUG nextflow.executor.ExecutorFactory - Extension executors providers=[]
Aug-18 16:50:10.959 [main] DEBUG nextflow.Session - Observer factory: DefaultObserverFactory
Aug-18 16:50:11.066 [main] DEBUG nextflow.Session - Session start invoked
Aug-18 16:50:11.539 [main] DEBUG nextflow.script.ScriptRunner - > Launching execution
Aug-18 16:50:11.945 [main] DEBUG nextflow.Session - Workflow process names [dsl2]: qc_post, qc_pre, fastqc, multiqc, merger, trimmer, demux
Aug-18 16:50:12.050 [main] DEBUG nextflow.executor.ExecutorFactory - << taskConfig executor: null
Aug-18 16:50:12.050 [main] DEBUG nextflow.executor.ExecutorFactory - >> processorType: 'local'
Aug-18 16:50:12.056 [main] DEBUG nextflow.executor.Executor - [warm up] executor > local
Aug-18 16:50:12.062 [main] DEBUG n.processor.LocalPollingMonitor - Creating local task monitor for executor 'local' > cpus=8; memory=29.4 GB; capacity=8; pollInterval=100ms; dumpInterval=5m
Aug-18 16:50:12.195 [main] DEBUG nextflow.executor.ExecutorFactory - << taskConfig executor: null
Aug-18 16:50:12.195 [main] DEBUG nextflow.executor.ExecutorFactory - >> processorType: 'local'
Aug-18 16:50:12.238 [main] DEBUG nextflow.executor.ExecutorFactory - << taskConfig executor: null
Aug-18 16:50:12.239 [main] DEBUG nextflow.executor.ExecutorFactory - >> processorType: 'local'
Aug-18 16:50:12.247 [main] DEBUG nextflow.executor.ExecutorFactory - << taskConfig executor: null
Aug-18 16:50:12.247 [main] DEBUG nextflow.executor.ExecutorFactory - >> processorType: 'local'
Aug-18 16:50:12.267 [main] DEBUG nextflow.executor.ExecutorFactory - << taskConfig executor: null
Aug-18 16:50:12.267 [main] DEBUG nextflow.executor.ExecutorFactory - >> processorType: 'local'
Aug-18 16:50:12.320 [main] DEBUG nextflow.Session - Ignite dataflow network (10)
Aug-18 16:50:12.332 [main] DEBUG nextflow.processor.TaskProcessor - Starting process > qc_pre
Aug-18 16:50:12.334 [main] DEBUG nextflow.processor.TaskProcessor - Starting process > demux
Aug-18 16:50:12.335 [main] DEBUG nextflow.processor.TaskProcessor - Starting process > merger
Aug-18 16:50:12.336 [main] DEBUG nextflow.processor.TaskProcessor - Starting process > qc_post
Aug-18 16:50:12.345 [main] DEBUG nextflow.processor.TaskProcessor - Starting process > multiqc
Aug-18 16:50:12.348 [PathVisitor-3] DEBUG nextflow.file.PathVisitor - files for syntax: glob; folder: /home/mazdax/nf-cage/workflow/trimmed/; pattern: CAGE*_BC_*.fq.gz; options: [:]
Aug-18 16:50:12.348 [PathVisitor-2] DEBUG nextflow.file.PathVisitor - files for syntax: glob; folder: /home/mazdax/nf-cage/workflow/demux/; pattern: *.fastq.gz; options: [:]
Aug-18 16:50:12.348 [PathVisitor-1] DEBUG nextflow.file.PathVisitor - files for syntax: glob; folder: /home/mazdax/nf-cage/workflow/fastq_files/; pattern: *.fastq.gz; options: [:]
Aug-18 16:50:12.350 [main] DEBUG nextflow.script.ScriptRunner - > Await termination 
Aug-18 16:50:12.352 [main] DEBUG nextflow.Session - Session await
Aug-18 16:50:12.356 [PathVisitor-1] DEBUG nextflow.file.PathVisitor - No such file: /home/mazdax/nf-cage/workflow/fastq_files/ -- Skipping visit
Aug-18 16:50:12.360 [PathVisitor-2] DEBUG nextflow.file.PathVisitor - No such file: /home/mazdax/nf-cage/workflow/demux/ -- Skipping visit
Aug-18 16:50:12.389 [main] DEBUG nextflow.Session - Session await > all process finished
Aug-18 16:50:12.491 [main] DEBUG nextflow.Session - Session await > all barriers passed
Aug-18 16:50:12.498 [main] DEBUG nextflow.trace.WorkflowStatsObserver - Workflow completed > WorkflowStats[succeededCount=0; failedCount=0; ignoredCount=0; cachedCount=0; pendingCount=0; submittedCount=0; runningCount=0; retriesCount=0; abortedCount=0; succeedDuration=0ms; failedDuration=0ms; cachedDuration=0ms;loadCpus=0; loadMemory=0; peakRunning=0; peakCpus=0; peakMemory=0; ]
Aug-18 16:50:12.539 [main] DEBUG nextflow.CacheDB - Closing CacheDB done
Aug-18 16:50:12.551 [main] DEBUG nextflow.script.ScriptRunner - > Execution complete -- Goodbye
